已經開始建置於 2013/6/27 上午 07:24:44。
     1>節點 2 (build 目標) 上的專案 "C:\Documents and Settings\Administrator\桌面\F74009054_PA01\compiler hw\compiler hw\compiler hw.vcxproj"。
     1>InitializeBuildStatus:
         由於指定了 "AlwaysCreate"，因此正在建立 "Debug\compiler hw.unsuccessfulbuild"。
       ClCompile:
         所有輸出都是最新的。
         C:\Program Files\Microsoft Visual Studio 10.0\VC\bin\CL.exe /c /ZI /nologo /W3 /WX- /Od /Oy- /D WIN32 /D _DEBUG /D _CONSOLE /D _UNICODE /D UNICODE /Gm /EHsc /RTC1 /MDd /GS /fp:precise /Zc:wchar_t /Zc:forScope /Yu"StdAfx.h" /Fp"Debug\compiler hw.pch" /Fo"Debug\\" /Fd"Debug\vc100.pdb" /Gd /TP /analyze- /errorReport:prompt "compiler hw.cpp"
         compiler hw.cpp
     1>c:\documents and settings\administrator\桌面\f74009054_pa01\compiler hw\compiler hw\compiler hw.cpp(52): warning C4996: 'strcpy': This function or variable may be unsafe. Consider using strcpy_s instead. To disable deprecation, use _CRT_SECURE_NO_WARNINGS. See online help for details.
                 c:\program files\microsoft visual studio 10.0\vc\include\string.h(105) : 請參閱 'strcpy' 的宣告
     1>c:\documents and settings\administrator\桌面\f74009054_pa01\compiler hw\compiler hw\compiler hw.cpp(53): warning C4996: 'strcpy': This function or variable may be unsafe. Consider using strcpy_s instead. To disable deprecation, use _CRT_SECURE_NO_WARNINGS. See online help for details.
                 c:\program files\microsoft visual studio 10.0\vc\include\string.h(105) : 請參閱 'strcpy' 的宣告
     1>c:\documents and settings\administrator\桌面\f74009054_pa01\compiler hw\compiler hw\compiler hw.cpp(54): warning C4996: 'strcpy': This function or variable may be unsafe. Consider using strcpy_s instead. To disable deprecation, use _CRT_SECURE_NO_WARNINGS. See online help for details.
                 c:\program files\microsoft visual studio 10.0\vc\include\string.h(105) : 請參閱 'strcpy' 的宣告
     1>c:\documents and settings\administrator\桌面\f74009054_pa01\compiler hw\compiler hw\compiler hw.cpp(55): warning C4996: 'strcpy': This function or variable may be unsafe. Consider using strcpy_s instead. To disable deprecation, use _CRT_SECURE_NO_WARNINGS. See online help for details.
                 c:\program files\microsoft visual studio 10.0\vc\include\string.h(105) : 請參閱 'strcpy' 的宣告
     1>c:\documents and settings\administrator\桌面\f74009054_pa01\compiler hw\compiler hw\compiler hw.cpp(56): warning C4996: 'strcpy': This function or variable may be unsafe. Consider using strcpy_s instead. To disable deprecation, use _CRT_SECURE_NO_WARNINGS. See online help for details.
                 c:\program files\microsoft visual studio 10.0\vc\include\string.h(105) : 請參閱 'strcpy' 的宣告
     1>c:\documents and settings\administrator\桌面\f74009054_pa01\compiler hw\compiler hw\compiler hw.cpp(57): warning C4996: 'strcpy': This function or variable may be unsafe. Consider using strcpy_s instead. To disable deprecation, use _CRT_SECURE_NO_WARNINGS. See online help for details.
                 c:\program files\microsoft visual studio 10.0\vc\include\string.h(105) : 請參閱 'strcpy' 的宣告
     1>c:\documents and settings\administrator\桌面\f74009054_pa01\compiler hw\compiler hw\compiler hw.cpp(58): warning C4996: 'strcpy': This function or variable may be unsafe. Consider using strcpy_s instead. To disable deprecation, use _CRT_SECURE_NO_WARNINGS. See online help for details.
                 c:\program files\microsoft visual studio 10.0\vc\include\string.h(105) : 請參閱 'strcpy' 的宣告
     1>c:\documents and settings\administrator\桌面\f74009054_pa01\compiler hw\compiler hw\compiler hw.cpp(59): warning C4996: 'strcpy': This function or variable may be unsafe. Consider using strcpy_s instead. To disable deprecation, use _CRT_SECURE_NO_WARNINGS. See online help for details.
                 c:\program files\microsoft visual studio 10.0\vc\include\string.h(105) : 請參閱 'strcpy' 的宣告
     1>c:\documents and settings\administrator\桌面\f74009054_pa01\compiler hw\compiler hw\compiler hw.cpp(60): warning C4996: 'strcpy': This function or variable may be unsafe. Consider using strcpy_s instead. To disable deprecation, use _CRT_SECURE_NO_WARNINGS. See online help for details.
                 c:\program files\microsoft visual studio 10.0\vc\include\string.h(105) : 請參閱 'strcpy' 的宣告
     1>c:\documents and settings\administrator\桌面\f74009054_pa01\compiler hw\compiler hw\compiler hw.cpp(61): warning C4996: 'strcpy': This function or variable may be unsafe. Consider using strcpy_s instead. To disable deprecation, use _CRT_SECURE_NO_WARNINGS. See online help for details.
                 c:\program files\microsoft visual studio 10.0\vc\include\string.h(105) : 請參閱 'strcpy' 的宣告
     1>c:\documents and settings\administrator\桌面\f74009054_pa01\compiler hw\compiler hw\compiler hw.cpp(62): warning C4996: 'strcpy': This function or variable may be unsafe. Consider using strcpy_s instead. To disable deprecation, use _CRT_SECURE_NO_WARNINGS. See online help for details.
                 c:\program files\microsoft visual studio 10.0\vc\include\string.h(105) : 請參閱 'strcpy' 的宣告
     1>c:\documents and settings\administrator\桌面\f74009054_pa01\compiler hw\compiler hw\compiler hw.cpp(63): warning C4996: 'strcpy': This function or variable may be unsafe. Consider using strcpy_s instead. To disable deprecation, use _CRT_SECURE_NO_WARNINGS. See online help for details.
                 c:\program files\microsoft visual studio 10.0\vc\include\string.h(105) : 請參閱 'strcpy' 的宣告
     1>c:\documents and settings\administrator\桌面\f74009054_pa01\compiler hw\compiler hw\compiler hw.cpp(64): warning C4996: 'strcpy': This function or variable may be unsafe. Consider using strcpy_s instead. To disable deprecation, use _CRT_SECURE_NO_WARNINGS. See online help for details.
                 c:\program files\microsoft visual studio 10.0\vc\include\string.h(105) : 請參閱 'strcpy' 的宣告
     1>c:\documents and settings\administrator\桌面\f74009054_pa01\compiler hw\compiler hw\compiler hw.cpp(65): warning C4996: 'strcpy': This function or variable may be unsafe. Consider using strcpy_s instead. To disable deprecation, use _CRT_SECURE_NO_WARNINGS. See online help for details.
                 c:\program files\microsoft visual studio 10.0\vc\include\string.h(105) : 請參閱 'strcpy' 的宣告
     1>c:\documents and settings\administrator\桌面\f74009054_pa01\compiler hw\compiler hw\compiler hw.cpp(66): warning C4996: 'strcpy': This function or variable may be unsafe. Consider using strcpy_s instead. To disable deprecation, use _CRT_SECURE_NO_WARNINGS. See online help for details.
                 c:\program files\microsoft visual studio 10.0\vc\include\string.h(105) : 請參閱 'strcpy' 的宣告
     1>c:\documents and settings\administrator\桌面\f74009054_pa01\compiler hw\compiler hw\compiler hw.cpp(67): warning C4996: 'strcpy': This function or variable may be unsafe. Consider using strcpy_s instead. To disable deprecation, use _CRT_SECURE_NO_WARNINGS. See online help for details.
                 c:\program files\microsoft visual studio 10.0\vc\include\string.h(105) : 請參閱 'strcpy' 的宣告
     1>c:\documents and settings\administrator\桌面\f74009054_pa01\compiler hw\compiler hw\compiler hw.cpp(68): warning C4996: 'strcpy': This function or variable may be unsafe. Consider using strcpy_s instead. To disable deprecation, use _CRT_SECURE_NO_WARNINGS. See online help for details.
                 c:\program files\microsoft visual studio 10.0\vc\include\string.h(105) : 請參閱 'strcpy' 的宣告
     1>c:\documents and settings\administrator\桌面\f74009054_pa01\compiler hw\compiler hw\compiler hw.cpp(69): warning C4996: 'strcpy': This function or variable may be unsafe. Consider using strcpy_s instead. To disable deprecation, use _CRT_SECURE_NO_WARNINGS. See online help for details.
                 c:\program files\microsoft visual studio 10.0\vc\include\string.h(105) : 請參閱 'strcpy' 的宣告
     1>c:\documents and settings\administrator\桌面\f74009054_pa01\compiler hw\compiler hw\compiler hw.cpp(70): warning C4996: 'strcpy': This function or variable may be unsafe. Consider using strcpy_s instead. To disable deprecation, use _CRT_SECURE_NO_WARNINGS. See online help for details.
                 c:\program files\microsoft visual studio 10.0\vc\include\string.h(105) : 請參閱 'strcpy' 的宣告
     1>c:\documents and settings\administrator\桌面\f74009054_pa01\compiler hw\compiler hw\compiler hw.cpp(71): warning C4996: 'strcpy': This function or variable may be unsafe. Consider using strcpy_s instead. To disable deprecation, use _CRT_SECURE_NO_WARNINGS. See online help for details.
                 c:\program files\microsoft visual studio 10.0\vc\include\string.h(105) : 請參閱 'strcpy' 的宣告
     1>c:\documents and settings\administrator\桌面\f74009054_pa01\compiler hw\compiler hw\compiler hw.cpp(72): warning C4996: 'strcpy': This function or variable may be unsafe. Consider using strcpy_s instead. To disable deprecation, use _CRT_SECURE_NO_WARNINGS. See online help for details.
                 c:\program files\microsoft visual studio 10.0\vc\include\string.h(105) : 請參閱 'strcpy' 的宣告
     1>c:\documents and settings\administrator\桌面\f74009054_pa01\compiler hw\compiler hw\compiler hw.cpp(73): warning C4996: 'strcpy': This function or variable may be unsafe. Consider using strcpy_s instead. To disable deprecation, use _CRT_SECURE_NO_WARNINGS. See online help for details.
                 c:\program files\microsoft visual studio 10.0\vc\include\string.h(105) : 請參閱 'strcpy' 的宣告
     1>c:\documents and settings\administrator\桌面\f74009054_pa01\compiler hw\compiler hw\compiler hw.cpp(74): warning C4996: 'strcpy': This function or variable may be unsafe. Consider using strcpy_s instead. To disable deprecation, use _CRT_SECURE_NO_WARNINGS. See online help for details.
                 c:\program files\microsoft visual studio 10.0\vc\include\string.h(105) : 請參閱 'strcpy' 的宣告
     1>c:\documents and settings\administrator\桌面\f74009054_pa01\compiler hw\compiler hw\compiler hw.cpp(75): warning C4996: 'strcpy': This function or variable may be unsafe. Consider using strcpy_s instead. To disable deprecation, use _CRT_SECURE_NO_WARNINGS. See online help for details.
                 c:\program files\microsoft visual studio 10.0\vc\include\string.h(105) : 請參閱 'strcpy' 的宣告
     1>c:\documents and settings\administrator\桌面\f74009054_pa01\compiler hw\compiler hw\compiler hw.cpp(76): warning C4996: 'strcpy': This function or variable may be unsafe. Consider using strcpy_s instead. To disable deprecation, use _CRT_SECURE_NO_WARNINGS. See online help for details.
                 c:\program files\microsoft visual studio 10.0\vc\include\string.h(105) : 請參閱 'strcpy' 的宣告
     1>c:\documents and settings\administrator\桌面\f74009054_pa01\compiler hw\compiler hw\compiler hw.cpp(77): warning C4996: 'strcpy': This function or variable may be unsafe. Consider using strcpy_s instead. To disable deprecation, use _CRT_SECURE_NO_WARNINGS. See online help for details.
                 c:\program files\microsoft visual studio 10.0\vc\include\string.h(105) : 請參閱 'strcpy' 的宣告
     1>c:\documents and settings\administrator\桌面\f74009054_pa01\compiler hw\compiler hw\compiler hw.cpp(78): warning C4996: 'strcpy': This function or variable may be unsafe. Consider using strcpy_s instead. To disable deprecation, use _CRT_SECURE_NO_WARNINGS. See online help for details.
                 c:\program files\microsoft visual studio 10.0\vc\include\string.h(105) : 請參閱 'strcpy' 的宣告
     1>c:\documents and settings\administrator\桌面\f74009054_pa01\compiler hw\compiler hw\compiler hw.cpp(79): warning C4996: 'strcpy': This function or variable may be unsafe. Consider using strcpy_s instead. To disable deprecation, use _CRT_SECURE_NO_WARNINGS. See online help for details.
                 c:\program files\microsoft visual studio 10.0\vc\include\string.h(105) : 請參閱 'strcpy' 的宣告
     1>c:\documents and settings\administrator\桌面\f74009054_pa01\compiler hw\compiler hw\compiler hw.cpp(80): warning C4996: 'strcpy': This function or variable may be unsafe. Consider using strcpy_s instead. To disable deprecation, use _CRT_SECURE_NO_WARNINGS. See online help for details.
                 c:\program files\microsoft visual studio 10.0\vc\include\string.h(105) : 請參閱 'strcpy' 的宣告
     1>c:\documents and settings\administrator\桌面\f74009054_pa01\compiler hw\compiler hw\compiler hw.cpp(81): warning C4996: 'strcpy': This function or variable may be unsafe. Consider using strcpy_s instead. To disable deprecation, use _CRT_SECURE_NO_WARNINGS. See online help for details.
                 c:\program files\microsoft visual studio 10.0\vc\include\string.h(105) : 請參閱 'strcpy' 的宣告
     1>c:\documents and settings\administrator\桌面\f74009054_pa01\compiler hw\compiler hw\compiler hw.cpp(82): warning C4996: 'strcpy': This function or variable may be unsafe. Consider using strcpy_s instead. To disable deprecation, use _CRT_SECURE_NO_WARNINGS. See online help for details.
                 c:\program files\microsoft visual studio 10.0\vc\include\string.h(105) : 請參閱 'strcpy' 的宣告
     1>c:\documents and settings\administrator\桌面\f74009054_pa01\compiler hw\compiler hw\compiler hw.cpp(83): warning C4996: 'strcpy': This function or variable may be unsafe. Consider using strcpy_s instead. To disable deprecation, use _CRT_SECURE_NO_WARNINGS. See online help for details.
                 c:\program files\microsoft visual studio 10.0\vc\include\string.h(105) : 請參閱 'strcpy' 的宣告
     1>c:\documents and settings\administrator\桌面\f74009054_pa01\compiler hw\compiler hw\compiler hw.cpp(84): warning C4996: 'strcpy': This function or variable may be unsafe. Consider using strcpy_s instead. To disable deprecation, use _CRT_SECURE_NO_WARNINGS. See online help for details.
                 c:\program files\microsoft visual studio 10.0\vc\include\string.h(105) : 請參閱 'strcpy' 的宣告
     1>c:\documents and settings\administrator\桌面\f74009054_pa01\compiler hw\compiler hw\compiler hw.cpp(85): warning C4996: 'strcpy': This function or variable may be unsafe. Consider using strcpy_s instead. To disable deprecation, use _CRT_SECURE_NO_WARNINGS. See online help for details.
                 c:\program files\microsoft visual studio 10.0\vc\include\string.h(105) : 請參閱 'strcpy' 的宣告
     1>c:\documents and settings\administrator\桌面\f74009054_pa01\compiler hw\compiler hw\compiler hw.cpp(86): warning C4996: 'strcpy': This function or variable may be unsafe. Consider using strcpy_s instead. To disable deprecation, use _CRT_SECURE_NO_WARNINGS. See online help for details.
                 c:\program files\microsoft visual studio 10.0\vc\include\string.h(105) : 請參閱 'strcpy' 的宣告
     1>c:\documents and settings\administrator\桌面\f74009054_pa01\compiler hw\compiler hw\compiler hw.cpp(87): warning C4996: 'strcpy': This function or variable may be unsafe. Consider using strcpy_s instead. To disable deprecation, use _CRT_SECURE_NO_WARNINGS. See online help for details.
                 c:\program files\microsoft visual studio 10.0\vc\include\string.h(105) : 請參閱 'strcpy' 的宣告
     1>c:\documents and settings\administrator\桌面\f74009054_pa01\compiler hw\compiler hw\compiler hw.cpp(88): warning C4996: 'strcpy': This function or variable may be unsafe. Consider using strcpy_s instead. To disable deprecation, use _CRT_SECURE_NO_WARNINGS. See online help for details.
                 c:\program files\microsoft visual studio 10.0\vc\include\string.h(105) : 請參閱 'strcpy' 的宣告
     1>c:\documents and settings\administrator\桌面\f74009054_pa01\compiler hw\compiler hw\compiler hw.cpp(89): warning C4996: 'strcpy': This function or variable may be unsafe. Consider using strcpy_s instead. To disable deprecation, use _CRT_SECURE_NO_WARNINGS. See online help for details.
                 c:\program files\microsoft visual studio 10.0\vc\include\string.h(105) : 請參閱 'strcpy' 的宣告
     1>c:\documents and settings\administrator\桌面\f74009054_pa01\compiler hw\compiler hw\compiler hw.cpp(90): warning C4996: 'strcpy': This function or variable may be unsafe. Consider using strcpy_s instead. To disable deprecation, use _CRT_SECURE_NO_WARNINGS. See online help for details.
                 c:\program files\microsoft visual studio 10.0\vc\include\string.h(105) : 請參閱 'strcpy' 的宣告
     1>c:\documents and settings\administrator\桌面\f74009054_pa01\compiler hw\compiler hw\compiler hw.cpp(91): warning C4996: 'strcpy': This function or variable may be unsafe. Consider using strcpy_s instead. To disable deprecation, use _CRT_SECURE_NO_WARNINGS. See online help for details.
                 c:\program files\microsoft visual studio 10.0\vc\include\string.h(105) : 請參閱 'strcpy' 的宣告
     1>c:\documents and settings\administrator\桌面\f74009054_pa01\compiler hw\compiler hw\compiler hw.cpp(92): warning C4996: 'strcpy': This function or variable may be unsafe. Consider using strcpy_s instead. To disable deprecation, use _CRT_SECURE_NO_WARNINGS. See online help for details.
                 c:\program files\microsoft visual studio 10.0\vc\include\string.h(105) : 請參閱 'strcpy' 的宣告
     1>c:\documents and settings\administrator\桌面\f74009054_pa01\compiler hw\compiler hw\compiler hw.cpp(93): warning C4996: 'strcpy': This function or variable may be unsafe. Consider using strcpy_s instead. To disable deprecation, use _CRT_SECURE_NO_WARNINGS. See online help for details.
                 c:\program files\microsoft visual studio 10.0\vc\include\string.h(105) : 請參閱 'strcpy' 的宣告
     1>c:\documents and settings\administrator\桌面\f74009054_pa01\compiler hw\compiler hw\compiler hw.cpp(94): warning C4996: 'strcpy': This function or variable may be unsafe. Consider using strcpy_s instead. To disable deprecation, use _CRT_SECURE_NO_WARNINGS. See online help for details.
                 c:\program files\microsoft visual studio 10.0\vc\include\string.h(105) : 請參閱 'strcpy' 的宣告
     1>c:\documents and settings\administrator\桌面\f74009054_pa01\compiler hw\compiler hw\compiler hw.cpp(95): warning C4996: 'strcpy': This function or variable may be unsafe. Consider using strcpy_s instead. To disable deprecation, use _CRT_SECURE_NO_WARNINGS. See online help for details.
                 c:\program files\microsoft visual studio 10.0\vc\include\string.h(105) : 請參閱 'strcpy' 的宣告
     1>c:\documents and settings\administrator\桌面\f74009054_pa01\compiler hw\compiler hw\compiler hw.cpp(96): warning C4996: 'strcpy': This function or variable may be unsafe. Consider using strcpy_s instead. To disable deprecation, use _CRT_SECURE_NO_WARNINGS. See online help for details.
                 c:\program files\microsoft visual studio 10.0\vc\include\string.h(105) : 請參閱 'strcpy' 的宣告
     1>c:\documents and settings\administrator\桌面\f74009054_pa01\compiler hw\compiler hw\compiler hw.cpp(97): warning C4996: 'strcpy': This function or variable may be unsafe. Consider using strcpy_s instead. To disable deprecation, use _CRT_SECURE_NO_WARNINGS. See online help for details.
                 c:\program files\microsoft visual studio 10.0\vc\include\string.h(105) : 請參閱 'strcpy' 的宣告
     1>c:\documents and settings\administrator\桌面\f74009054_pa01\compiler hw\compiler hw\compiler hw.cpp(98): warning C4996: 'strcpy': This function or variable may be unsafe. Consider using strcpy_s instead. To disable deprecation, use _CRT_SECURE_NO_WARNINGS. See online help for details.
                 c:\program files\microsoft visual studio 10.0\vc\include\string.h(105) : 請參閱 'strcpy' 的宣告
     1>c:\documents and settings\administrator\桌面\f74009054_pa01\compiler hw\compiler hw\compiler hw.cpp(99): warning C4996: 'strcpy': This function or variable may be unsafe. Consider using strcpy_s instead. To disable deprecation, use _CRT_SECURE_NO_WARNINGS. See online help for details.
                 c:\program files\microsoft visual studio 10.0\vc\include\string.h(105) : 請參閱 'strcpy' 的宣告
     1>c:\documents and settings\administrator\桌面\f74009054_pa01\compiler hw\compiler hw\compiler hw.cpp(100): warning C4996: 'strcpy': This function or variable may be unsafe. Consider using strcpy_s instead. To disable deprecation, use _CRT_SECURE_NO_WARNINGS. See online help for details.
                 c:\program files\microsoft visual studio 10.0\vc\include\string.h(105) : 請參閱 'strcpy' 的宣告
     1>c:\documents and settings\administrator\桌面\f74009054_pa01\compiler hw\compiler hw\compiler hw.cpp(101): warning C4996: 'strcpy': This function or variable may be unsafe. Consider using strcpy_s instead. To disable deprecation, use _CRT_SECURE_NO_WARNINGS. See online help for details.
                 c:\program files\microsoft visual studio 10.0\vc\include\string.h(105) : 請參閱 'strcpy' 的宣告
     1>c:\documents and settings\administrator\桌面\f74009054_pa01\compiler hw\compiler hw\compiler hw.cpp(102): warning C4996: 'strcpy': This function or variable may be unsafe. Consider using strcpy_s instead. To disable deprecation, use _CRT_SECURE_NO_WARNINGS. See online help for details.
                 c:\program files\microsoft visual studio 10.0\vc\include\string.h(105) : 請參閱 'strcpy' 的宣告
     1>c:\documents and settings\administrator\桌面\f74009054_pa01\compiler hw\compiler hw\compiler hw.cpp(110): warning C4996: 'strcpy': This function or variable may be unsafe. Consider using strcpy_s instead. To disable deprecation, use _CRT_SECURE_NO_WARNINGS. See online help for details.
                 c:\program files\microsoft visual studio 10.0\vc\include\string.h(105) : 請參閱 'strcpy' 的宣告
     1>c:\documents and settings\administrator\桌面\f74009054_pa01\compiler hw\compiler hw\compiler hw.cpp(111): warning C4996: 'strcpy': This function or variable may be unsafe. Consider using strcpy_s instead. To disable deprecation, use _CRT_SECURE_NO_WARNINGS. See online help for details.
                 c:\program files\microsoft visual studio 10.0\vc\include\string.h(105) : 請參閱 'strcpy' 的宣告
     1>c:\documents and settings\administrator\桌面\f74009054_pa01\compiler hw\compiler hw\compiler hw.cpp(112): warning C4996: 'strcpy': This function or variable may be unsafe. Consider using strcpy_s instead. To disable deprecation, use _CRT_SECURE_NO_WARNINGS. See online help for details.
                 c:\program files\microsoft visual studio 10.0\vc\include\string.h(105) : 請參閱 'strcpy' 的宣告
     1>c:\documents and settings\administrator\桌面\f74009054_pa01\compiler hw\compiler hw\compiler hw.cpp(113): warning C4996: 'strcpy': This function or variable may be unsafe. Consider using strcpy_s instead. To disable deprecation, use _CRT_SECURE_NO_WARNINGS. See online help for details.
                 c:\program files\microsoft visual studio 10.0\vc\include\string.h(105) : 請參閱 'strcpy' 的宣告
     1>c:\documents and settings\administrator\桌面\f74009054_pa01\compiler hw\compiler hw\compiler hw.cpp(114): warning C4996: 'strcpy': This function or variable may be unsafe. Consider using strcpy_s instead. To disable deprecation, use _CRT_SECURE_NO_WARNINGS. See online help for details.
                 c:\program files\microsoft visual studio 10.0\vc\include\string.h(105) : 請參閱 'strcpy' 的宣告
     1>c:\documents and settings\administrator\桌面\f74009054_pa01\compiler hw\compiler hw\compiler hw.cpp(115): warning C4996: 'strcpy': This function or variable may be unsafe. Consider using strcpy_s instead. To disable deprecation, use _CRT_SECURE_NO_WARNINGS. See online help for details.
                 c:\program files\microsoft visual studio 10.0\vc\include\string.h(105) : 請參閱 'strcpy' 的宣告
     1>c:\documents and settings\administrator\桌面\f74009054_pa01\compiler hw\compiler hw\compiler hw.cpp(116): warning C4996: 'strcpy': This function or variable may be unsafe. Consider using strcpy_s instead. To disable deprecation, use _CRT_SECURE_NO_WARNINGS. See online help for details.
                 c:\program files\microsoft visual studio 10.0\vc\include\string.h(105) : 請參閱 'strcpy' 的宣告
     1>c:\documents and settings\administrator\桌面\f74009054_pa01\compiler hw\compiler hw\compiler hw.cpp(117): warning C4996: 'strcpy': This function or variable may be unsafe. Consider using strcpy_s instead. To disable deprecation, use _CRT_SECURE_NO_WARNINGS. See online help for details.
                 c:\program files\microsoft visual studio 10.0\vc\include\string.h(105) : 請參閱 'strcpy' 的宣告
     1>c:\documents and settings\administrator\桌面\f74009054_pa01\compiler hw\compiler hw\compiler hw.cpp(118): warning C4996: 'strcpy': This function or variable may be unsafe. Consider using strcpy_s instead. To disable deprecation, use _CRT_SECURE_NO_WARNINGS. See online help for details.
                 c:\program files\microsoft visual studio 10.0\vc\include\string.h(105) : 請參閱 'strcpy' 的宣告
     1>c:\documents and settings\administrator\桌面\f74009054_pa01\compiler hw\compiler hw\compiler hw.cpp(119): warning C4996: 'strcpy': This function or variable may be unsafe. Consider using strcpy_s instead. To disable deprecation, use _CRT_SECURE_NO_WARNINGS. See online help for details.
                 c:\program files\microsoft visual studio 10.0\vc\include\string.h(105) : 請參閱 'strcpy' 的宣告
     1>c:\documents and settings\administrator\桌面\f74009054_pa01\compiler hw\compiler hw\compiler hw.cpp(120): warning C4996: 'strcpy': This function or variable may be unsafe. Consider using strcpy_s instead. To disable deprecation, use _CRT_SECURE_NO_WARNINGS. See online help for details.
                 c:\program files\microsoft visual studio 10.0\vc\include\string.h(105) : 請參閱 'strcpy' 的宣告
     1>c:\documents and settings\administrator\桌面\f74009054_pa01\compiler hw\compiler hw\compiler hw.cpp(121): warning C4996: 'strcpy': This function or variable may be unsafe. Consider using strcpy_s instead. To disable deprecation, use _CRT_SECURE_NO_WARNINGS. See online help for details.
                 c:\program files\microsoft visual studio 10.0\vc\include\string.h(105) : 請參閱 'strcpy' 的宣告
     1>c:\documents and settings\administrator\桌面\f74009054_pa01\compiler hw\compiler hw\compiler hw.cpp(122): warning C4996: 'strcpy': This function or variable may be unsafe. Consider using strcpy_s instead. To disable deprecation, use _CRT_SECURE_NO_WARNINGS. See online help for details.
                 c:\program files\microsoft visual studio 10.0\vc\include\string.h(105) : 請參閱 'strcpy' 的宣告
     1>c:\documents and settings\administrator\桌面\f74009054_pa01\compiler hw\compiler hw\compiler hw.cpp(123): warning C4996: 'strcpy': This function or variable may be unsafe. Consider using strcpy_s instead. To disable deprecation, use _CRT_SECURE_NO_WARNINGS. See online help for details.
                 c:\program files\microsoft visual studio 10.0\vc\include\string.h(105) : 請參閱 'strcpy' 的宣告
     1>c:\documents and settings\administrator\桌面\f74009054_pa01\compiler hw\compiler hw\compiler hw.cpp(124): warning C4996: 'strcpy': This function or variable may be unsafe. Consider using strcpy_s instead. To disable deprecation, use _CRT_SECURE_NO_WARNINGS. See online help for details.
                 c:\program files\microsoft visual studio 10.0\vc\include\string.h(105) : 請參閱 'strcpy' 的宣告
     1>c:\documents and settings\administrator\桌面\f74009054_pa01\compiler hw\compiler hw\compiler hw.cpp(125): warning C4996: 'strcpy': This function or variable may be unsafe. Consider using strcpy_s instead. To disable deprecation, use _CRT_SECURE_NO_WARNINGS. See online help for details.
                 c:\program files\microsoft visual studio 10.0\vc\include\string.h(105) : 請參閱 'strcpy' 的宣告
     1>c:\documents and settings\administrator\桌面\f74009054_pa01\compiler hw\compiler hw\compiler hw.cpp(126): warning C4996: 'strcpy': This function or variable may be unsafe. Consider using strcpy_s instead. To disable deprecation, use _CRT_SECURE_NO_WARNINGS. See online help for details.
                 c:\program files\microsoft visual studio 10.0\vc\include\string.h(105) : 請參閱 'strcpy' 的宣告
     1>c:\documents and settings\administrator\桌面\f74009054_pa01\compiler hw\compiler hw\compiler hw.cpp(127): warning C4996: 'strcpy': This function or variable may be unsafe. Consider using strcpy_s instead. To disable deprecation, use _CRT_SECURE_NO_WARNINGS. See online help for details.
                 c:\program files\microsoft visual studio 10.0\vc\include\string.h(105) : 請參閱 'strcpy' 的宣告
     1>c:\documents and settings\administrator\桌面\f74009054_pa01\compiler hw\compiler hw\compiler hw.cpp(128): warning C4996: 'strcpy': This function or variable may be unsafe. Consider using strcpy_s instead. To disable deprecation, use _CRT_SECURE_NO_WARNINGS. See online help for details.
                 c:\program files\microsoft visual studio 10.0\vc\include\string.h(105) : 請參閱 'strcpy' 的宣告
     1>c:\documents and settings\administrator\桌面\f74009054_pa01\compiler hw\compiler hw\compiler hw.cpp(129): warning C4996: 'strcpy': This function or variable may be unsafe. Consider using strcpy_s instead. To disable deprecation, use _CRT_SECURE_NO_WARNINGS. See online help for details.
                 c:\program files\microsoft visual studio 10.0\vc\include\string.h(105) : 請參閱 'strcpy' 的宣告
     1>c:\documents and settings\administrator\桌面\f74009054_pa01\compiler hw\compiler hw\compiler hw.cpp(130): warning C4996: 'strcpy': This function or variable may be unsafe. Consider using strcpy_s instead. To disable deprecation, use _CRT_SECURE_NO_WARNINGS. See online help for details.
                 c:\program files\microsoft visual studio 10.0\vc\include\string.h(105) : 請參閱 'strcpy' 的宣告
     1>c:\documents and settings\administrator\桌面\f74009054_pa01\compiler hw\compiler hw\compiler hw.cpp(131): warning C4996: 'strcpy': This function or variable may be unsafe. Consider using strcpy_s instead. To disable deprecation, use _CRT_SECURE_NO_WARNINGS. See online help for details.
                 c:\program files\microsoft visual studio 10.0\vc\include\string.h(105) : 請參閱 'strcpy' 的宣告
     1>c:\documents and settings\administrator\桌面\f74009054_pa01\compiler hw\compiler hw\compiler hw.cpp(132): warning C4996: 'strcpy': This function or variable may be unsafe. Consider using strcpy_s instead. To disable deprecation, use _CRT_SECURE_NO_WARNINGS. See online help for details.
                 c:\program files\microsoft visual studio 10.0\vc\include\string.h(105) : 請參閱 'strcpy' 的宣告
     1>c:\documents and settings\administrator\桌面\f74009054_pa01\compiler hw\compiler hw\compiler hw.cpp(133): warning C4996: 'strcpy': This function or variable may be unsafe. Consider using strcpy_s instead. To disable deprecation, use _CRT_SECURE_NO_WARNINGS. See online help for details.
                 c:\program files\microsoft visual studio 10.0\vc\include\string.h(105) : 請參閱 'strcpy' 的宣告
     1>c:\documents and settings\administrator\桌面\f74009054_pa01\compiler hw\compiler hw\compiler hw.cpp(134): warning C4996: 'strcpy': This function or variable may be unsafe. Consider using strcpy_s instead. To disable deprecation, use _CRT_SECURE_NO_WARNINGS. See online help for details.
                 c:\program files\microsoft visual studio 10.0\vc\include\string.h(105) : 請參閱 'strcpy' 的宣告
     1>c:\documents and settings\administrator\桌面\f74009054_pa01\compiler hw\compiler hw\compiler hw.cpp(135): warning C4996: 'strcpy': This function or variable may be unsafe. Consider using strcpy_s instead. To disable deprecation, use _CRT_SECURE_NO_WARNINGS. See online help for details.
                 c:\program files\microsoft visual studio 10.0\vc\include\string.h(105) : 請參閱 'strcpy' 的宣告
     1>c:\documents and settings\administrator\桌面\f74009054_pa01\compiler hw\compiler hw\compiler hw.cpp(136): warning C4996: 'strcpy': This function or variable may be unsafe. Consider using strcpy_s instead. To disable deprecation, use _CRT_SECURE_NO_WARNINGS. See online help for details.
                 c:\program files\microsoft visual studio 10.0\vc\include\string.h(105) : 請參閱 'strcpy' 的宣告
     1>c:\documents and settings\administrator\桌面\f74009054_pa01\compiler hw\compiler hw\compiler hw.cpp(137): warning C4996: 'strcpy': This function or variable may be unsafe. Consider using strcpy_s instead. To disable deprecation, use _CRT_SECURE_NO_WARNINGS. See online help for details.
                 c:\program files\microsoft visual studio 10.0\vc\include\string.h(105) : 請參閱 'strcpy' 的宣告
     1>c:\documents and settings\administrator\桌面\f74009054_pa01\compiler hw\compiler hw\compiler hw.cpp(138): warning C4996: 'strcpy': This function or variable may be unsafe. Consider using strcpy_s instead. To disable deprecation, use _CRT_SECURE_NO_WARNINGS. See online help for details.
                 c:\program files\microsoft visual studio 10.0\vc\include\string.h(105) : 請參閱 'strcpy' 的宣告
     1>c:\documents and settings\administrator\桌面\f74009054_pa01\compiler hw\compiler hw\compiler hw.cpp(139): warning C4996: 'strcpy': This function or variable may be unsafe. Consider using strcpy_s instead. To disable deprecation, use _CRT_SECURE_NO_WARNINGS. See online help for details.
                 c:\program files\microsoft visual studio 10.0\vc\include\string.h(105) : 請參閱 'strcpy' 的宣告
     1>c:\documents and settings\administrator\桌面\f74009054_pa01\compiler hw\compiler hw\compiler hw.cpp(140): warning C4996: 'strcpy': This function or variable may be unsafe. Consider using strcpy_s instead. To disable deprecation, use _CRT_SECURE_NO_WARNINGS. See online help for details.
                 c:\program files\microsoft visual studio 10.0\vc\include\string.h(105) : 請參閱 'strcpy' 的宣告
     1>c:\documents and settings\administrator\桌面\f74009054_pa01\compiler hw\compiler hw\compiler hw.cpp(141): warning C4996: 'strcpy': This function or variable may be unsafe. Consider using strcpy_s instead. To disable deprecation, use _CRT_SECURE_NO_WARNINGS. See online help for details.
                 c:\program files\microsoft visual studio 10.0\vc\include\string.h(105) : 請參閱 'strcpy' 的宣告
     1>c:\documents and settings\administrator\桌面\f74009054_pa01\compiler hw\compiler hw\compiler hw.cpp(142): warning C4996: 'strcpy': This function or variable may be unsafe. Consider using strcpy_s instead. To disable deprecation, use _CRT_SECURE_NO_WARNINGS. See online help for details.
                 c:\program files\microsoft visual studio 10.0\vc\include\string.h(105) : 請參閱 'strcpy' 的宣告
     1>c:\documents and settings\administrator\桌面\f74009054_pa01\compiler hw\compiler hw\compiler hw.cpp(143): warning C4996: 'strcpy': This function or variable may be unsafe. Consider using strcpy_s instead. To disable deprecation, use _CRT_SECURE_NO_WARNINGS. See online help for details.
                 c:\program files\microsoft visual studio 10.0\vc\include\string.h(105) : 請參閱 'strcpy' 的宣告
     1>c:\documents and settings\administrator\桌面\f74009054_pa01\compiler hw\compiler hw\compiler hw.cpp(144): warning C4996: 'strcpy': This function or variable may be unsafe. Consider using strcpy_s instead. To disable deprecation, use _CRT_SECURE_NO_WARNINGS. See online help for details.
                 c:\program files\microsoft visual studio 10.0\vc\include\string.h(105) : 請參閱 'strcpy' 的宣告
     1>c:\documents and settings\administrator\桌面\f74009054_pa01\compiler hw\compiler hw\compiler hw.cpp(145): warning C4996: 'strcpy': This function or variable may be unsafe. Consider using strcpy_s instead. To disable deprecation, use _CRT_SECURE_NO_WARNINGS. See online help for details.
                 c:\program files\microsoft visual studio 10.0\vc\include\string.h(105) : 請參閱 'strcpy' 的宣告
     1>c:\documents and settings\administrator\桌面\f74009054_pa01\compiler hw\compiler hw\compiler hw.cpp(149): warning C4996: 'strcpy': This function or variable may be unsafe. Consider using strcpy_s instead. To disable deprecation, use _CRT_SECURE_NO_WARNINGS. See online help for details.
                 c:\program files\microsoft visual studio 10.0\vc\include\string.h(105) : 請參閱 'strcpy' 的宣告
     1>c:\documents and settings\administrator\桌面\f74009054_pa01\compiler hw\compiler hw\compiler hw.cpp(186): warning C4018: '<' : signed/unsigned 不相符
     1>c:\documents and settings\administrator\桌面\f74009054_pa01\compiler hw\compiler hw\compiler hw.cpp(247): warning C4018: '<' : signed/unsigned 不相符
     1>c:\documents and settings\administrator\桌面\f74009054_pa01\compiler hw\compiler hw\compiler hw.cpp(253): warning C4996: 'strcpy': This function or variable may be unsafe. Consider using strcpy_s instead. To disable deprecation, use _CRT_SECURE_NO_WARNINGS. See online help for details.
                 c:\program files\microsoft visual studio 10.0\vc\include\string.h(105) : 請參閱 'strcpy' 的宣告
     1>c:\documents and settings\administrator\桌面\f74009054_pa01\compiler hw\compiler hw\compiler hw.cpp(271): warning C4018: '<' : signed/unsigned 不相符
     1>c:\documents and settings\administrator\桌面\f74009054_pa01\compiler hw\compiler hw\compiler hw.cpp(286): warning C4996: 'strcpy': This function or variable may be unsafe. Consider using strcpy_s instead. To disable deprecation, use _CRT_SECURE_NO_WARNINGS. See online help for details.
                 c:\program files\microsoft visual studio 10.0\vc\include\string.h(105) : 請參閱 'strcpy' 的宣告
     1>c:\documents and settings\administrator\桌面\f74009054_pa01\compiler hw\compiler hw\compiler hw.cpp(307): warning C4018: '<' : signed/unsigned 不相符
     1>c:\documents and settings\administrator\桌面\f74009054_pa01\compiler hw\compiler hw\compiler hw.cpp(313): warning C4996: 'strcpy': This function or variable may be unsafe. Consider using strcpy_s instead. To disable deprecation, use _CRT_SECURE_NO_WARNINGS. See online help for details.
                 c:\program files\microsoft visual studio 10.0\vc\include\string.h(105) : 請參閱 'strcpy' 的宣告
     1>c:\documents and settings\administrator\桌面\f74009054_pa01\compiler hw\compiler hw\compiler hw.cpp(331): warning C4018: '<' : signed/unsigned 不相符
     1>c:\documents and settings\administrator\桌面\f74009054_pa01\compiler hw\compiler hw\compiler hw.cpp(337): warning C4996: 'strcpy': This function or variable may be unsafe. Consider using strcpy_s instead. To disable deprecation, use _CRT_SECURE_NO_WARNINGS. See online help for details.
                 c:\program files\microsoft visual studio 10.0\vc\include\string.h(105) : 請參閱 'strcpy' 的宣告
     1>c:\documents and settings\administrator\桌面\f74009054_pa01\compiler hw\compiler hw\compiler hw.cpp(404): warning C4996: 'strcpy': This function or variable may be unsafe. Consider using strcpy_s instead. To disable deprecation, use _CRT_SECURE_NO_WARNINGS. See online help for details.
                 c:\program files\microsoft visual studio 10.0\vc\include\string.h(105) : 請參閱 'strcpy' 的宣告
     1>c:\documents and settings\administrator\桌面\f74009054_pa01\compiler hw\compiler hw\compiler hw.cpp(418): warning C4996: 'strcpy': This function or variable may be unsafe. Consider using strcpy_s instead. To disable deprecation, use _CRT_SECURE_NO_WARNINGS. See online help for details.
                 c:\program files\microsoft visual studio 10.0\vc\include\string.h(105) : 請參閱 'strcpy' 的宣告
     1>c:\documents and settings\administrator\桌面\f74009054_pa01\compiler hw\compiler hw\compiler hw.cpp(466): warning C4018: '<' : signed/unsigned 不相符
     1>c:\documents and settings\administrator\桌面\f74009054_pa01\compiler hw\compiler hw\compiler hw.cpp(480): warning C4996: 'strcpy': This function or variable may be unsafe. Consider using strcpy_s instead. To disable deprecation, use _CRT_SECURE_NO_WARNINGS. See online help for details.
                 c:\program files\microsoft visual studio 10.0\vc\include\string.h(105) : 請參閱 'strcpy' 的宣告
     1>c:\documents and settings\administrator\桌面\f74009054_pa01\compiler hw\compiler hw\compiler hw.cpp(481): warning C4996: 'strcpy': This function or variable may be unsafe. Consider using strcpy_s instead. To disable deprecation, use _CRT_SECURE_NO_WARNINGS. See online help for details.
                 c:\program files\microsoft visual studio 10.0\vc\include\string.h(105) : 請參閱 'strcpy' 的宣告
     1>c:\documents and settings\administrator\桌面\f74009054_pa01\compiler hw\compiler hw\compiler hw.cpp(496): warning C4018: '<' : signed/unsigned 不相符
     1>c:\documents and settings\administrator\桌面\f74009054_pa01\compiler hw\compiler hw\compiler hw.cpp(519): warning C4018: '<' : signed/unsigned 不相符
     1>c:\documents and settings\administrator\桌面\f74009054_pa01\compiler hw\compiler hw\compiler hw.cpp(541): warning C4996: 'strcpy': This function or variable may be unsafe. Consider using strcpy_s instead. To disable deprecation, use _CRT_SECURE_NO_WARNINGS. See online help for details.
                 c:\program files\microsoft visual studio 10.0\vc\include\string.h(105) : 請參閱 'strcpy' 的宣告
     1>c:\documents and settings\administrator\桌面\f74009054_pa01\compiler hw\compiler hw\compiler hw.cpp(580): warning C4996: 'strcpy': This function or variable may be unsafe. Consider using strcpy_s instead. To disable deprecation, use _CRT_SECURE_NO_WARNINGS. See online help for details.
                 c:\program files\microsoft visual studio 10.0\vc\include\string.h(105) : 請參閱 'strcpy' 的宣告
     1>c:\documents and settings\administrator\桌面\f74009054_pa01\compiler hw\compiler hw\compiler hw.cpp(626): warning C4996: 'strcpy': This function or variable may be unsafe. Consider using strcpy_s instead. To disable deprecation, use _CRT_SECURE_NO_WARNINGS. See online help for details.
                 c:\program files\microsoft visual studio 10.0\vc\include\string.h(105) : 請參閱 'strcpy' 的宣告
     1>c:\documents and settings\administrator\桌面\f74009054_pa01\compiler hw\compiler hw\compiler hw.cpp(808): warning C4129: 'd' : 無法辨識的字元逸出序列
     1>c:\documents and settings\administrator\桌面\f74009054_pa01\compiler hw\compiler hw\compiler hw.cpp(804): warning C4101: 'ch' : 未參考的區域變數
     1>c:\documents and settings\administrator\桌面\f74009054_pa01\compiler hw\compiler hw\compiler hw.cpp(804): warning C4101: 'file_name' : 未參考的區域變數
       ManifestResourceCompile:
         所有輸出都是最新的。
       Link:
         C:\Program Files\Microsoft Visual Studio 10.0\VC\bin\link.exe /ERRORREPORT:PROMPT /OUT:"C:\Documents and Settings\Administrator\桌面\F74009054_PA01\compiler hw\Debug\compiler hw.exe" /INCREMENTAL /NOLOGO kernel32.lib user32.lib gdi32.lib winspool.lib comdlg32.lib advapi32.lib shell32.lib ole32.lib oleaut32.lib uuid.lib odbc32.lib odbccp32.lib /MANIFEST /ManifestFile:"Debug\compiler hw.exe.intermediate.manifest" /MANIFESTUAC:"level='asInvoker' uiAccess='false'" /DEBUG /PDB:"C:\Documents and Settings\Administrator\桌面\F74009054_PA01\compiler hw\Debug\compiler hw.pdb" /SUBSYSTEM:CONSOLE /TLBID:1 /DYNAMICBASE /NXCOMPAT /IMPLIB:"C:\Documents and Settings\Administrator\桌面\F74009054_PA01\compiler hw\Debug\compiler hw.lib" /MACHINE:X86 "Debug\compiler hw.exe.embed.manifest.res"
         "Debug\compiler hw.obj"
         Debug\stdafx.obj
       Manifest:
         C:\Program Files\Microsoft SDKs\Windows\v7.0A\bin\mt.exe /nologo /verbose /out:"Debug\compiler hw.exe.embed.manifest" /manifest "Debug\compiler hw.exe.intermediate.manifest"
         所有輸出都是最新的。
       LinkEmbedManifest:
         所有輸出都是最新的。
         compiler hw.vcxproj -> C:\Documents and Settings\Administrator\桌面\F74009054_PA01\compiler hw\Debug\compiler hw.exe
       FinalizeBuildStatus:
         正在刪除檔案 "Debug\compiler hw.unsuccessfulbuild"。
         正在變更時間戳記 "Debug\compiler hw.lastbuildstate"。
     1>專案 "C:\Documents and Settings\Administrator\桌面\F74009054_PA01\compiler hw\compiler hw\compiler hw.vcxproj" (build 目標) 建置完成。

建置成功。

經過時間 00:00:02.06
